{"/Users/rafaelfaisca/Documents/LABDSOF/netquest-frontend/src/App.js": {"path":"/Users/rafaelfaisca/Documents/LABDSOF/netquest-frontend/src/App.js","statementMap":{"0":{"start":{"line":14,"column":2},"end":{"line":29,"column":3}}},"fnMap":{"0":{"name":"App","decl":{"start":{"line":13,"column":9},"end":{"line":13,"column":12}},"loc":{"start":{"line":13,"column":15},"end":{"line":30,"column":1}},"line":13}},"branchMap":{},"s":{"0":0},"f":{"0":0},"b":{}}
,"/Users/rafaelfaisca/Documents/LABDSOF/netquest-frontend/src/Constants.js": {"path":"/Users/rafaelfaisca/Documents/LABDSOF/netquest-frontend/src/Constants.js","statementMap":{"0":{"start":{"line":1,"column":13},"end":{"line":5,"column":1}},"1":{"start":{"line":6,"column":14},"end":{"line":10,"column":1}},"2":{"start":{"line":11,"column":12},"end":{"line":15,"column":1}},"3":{"start":{"line":17,"column":2},"end":{"line":21,"column":11}}},"fnMap":{},"branchMap":{"0":{"loc":{"start":{"line":17,"column":2},"end":{"line":21,"column":11}},"type":"cond-expr","locations":[{"start":{"line":18,"column":6},"end":{"line":18,"column":11}},{"start":{"line":19,"column":6},"end":{"line":21,"column":11}}],"line":17},"1":{"loc":{"start":{"line":19,"column":6},"end":{"line":21,"column":11}},"type":"cond-expr","locations":[{"start":{"line":20,"column":8},"end":{"line":20,"column":12}},{"start":{"line":21,"column":8},"end":{"line":21,"column":11}}],"line":19}},"s":{"0":0,"1":0,"2":0,"3":0},"f":{},"b":{"0":[0,0],"1":[0,0]}}
,"/Users/rafaelfaisca/Documents/LABDSOF/netquest-frontend/src/index.js": {"path":"/Users/rafaelfaisca/Documents/LABDSOF/netquest-frontend/src/index.js","statementMap":{"0":{"start":{"line":7,"column":13},"end":{"line":7,"column":65}},"1":{"start":{"line":8,"column":0},"end":{"line":12,"column":1}},"2":{"start":{"line":17,"column":0},"end":{"line":17,"column":17}}},"fnMap":{},"branchMap":{},"s":{"0":0,"1":0,"2":0},"f":{},"b":{}}
,"/Users/rafaelfaisca/Documents/LABDSOF/netquest-frontend/src/reportWebVitals.js": {"path":"/Users/rafaelfaisca/Documents/LABDSOF/netquest-frontend/src/reportWebVitals.js","statementMap":{"0":{"start":{"line":1,"column":24},"end":{"line":11,"column":1}},"1":{"start":{"line":2,"column":2},"end":{"line":10,"column":3}},"2":{"start":{"line":3,"column":4},"end":{"line":9,"column":7}},"3":{"start":{"line":4,"column":6},"end":{"line":4,"column":26}},"4":{"start":{"line":5,"column":6},"end":{"line":5,"column":26}},"5":{"start":{"line":6,"column":6},"end":{"line":6,"column":26}},"6":{"start":{"line":7,"column":6},"end":{"line":7,"column":26}},"7":{"start":{"line":8,"column":6},"end":{"line":8,"column":27}}},"fnMap":{"0":{"name":"(anonymous_0)","decl":{"start":{"line":1,"column":24},"end":{"line":1,"column":25}},"loc":{"start":{"line":1,"column":39},"end":{"line":11,"column":1}},"line":1},"1":{"name":"(anonymous_1)","decl":{"start":{"line":3,"column":30},"end":{"line":3,"column":31}},"loc":{"start":{"line":3,"column":79},"end":{"line":9,"column":5}},"line":3}},"branchMap":{"0":{"loc":{"start":{"line":2,"column":2},"end":{"line":10,"column":3}},"type":"if","locations":[{"start":{"line":2,"column":2},"end":{"line":10,"column":3}},{"start":{},"end":{}}],"line":2},"1":{"loc":{"start":{"line":2,"column":6},"end":{"line":2,"column":52}},"type":"binary-expr","locations":[{"start":{"line":2,"column":6},"end":{"line":2,"column":17}},{"start":{"line":2,"column":21},"end":{"line":2,"column":52}}],"line":2}},"s":{"0":0,"1":0,"2":0,"3":0,"4":0,"5":0,"6":0,"7":0},"f":{"0":0,"1":0},"b":{"0":[0,0],"1":[0,0]}}
,"/Users/rafaelfaisca/Documents/LABDSOF/netquest-frontend/src/components/admin/AdminPage.js": {"path":"/Users/rafaelfaisca/Documents/LABDSOF/netquest-frontend/src/components/admin/AdminPage.js","statementMap":{"0":{"start":{"line":10,"column":15},"end":{"line":10,"column":24}},"1":{"start":{"line":11,"column":15},"end":{"line":11,"column":29}},"2":{"start":{"line":12,"column":18},"end":{"line":12,"column":39}},"3":{"start":{"line":14,"column":28},"end":{"line":14,"column":40}},"4":{"start":{"line":15,"column":54},"end":{"line":15,"column":66}},"5":{"start":{"line":16,"column":46},"end":{"line":16,"column":61}},"6":{"start":{"line":18,"column":28},"end":{"line":18,"column":40}},"7":{"start":{"line":19,"column":34},"end":{"line":19,"column":46}},"8":{"start":{"line":20,"column":36},"end":{"line":20,"column":48}},"9":{"start":{"line":21,"column":46},"end":{"line":21,"column":58}},"10":{"start":{"line":22,"column":46},"end":{"line":22,"column":61}},"11":{"start":{"line":24,"column":2},"end":{"line":27,"column":4}},"12":{"start":{"line":25,"column":4},"end":{"line":25,"column":20}},"13":{"start":{"line":26,"column":4},"end":{"line":26,"column":20}},"14":{"start":{"line":29,"column":28},"end":{"line":39,"column":3}},"15":{"start":{"line":30,"column":4},"end":{"line":38,"column":5}},"16":{"start":{"line":31,"column":6},"end":{"line":31,"column":34}},"17":{"start":{"line":32,"column":11},"end":{"line":38,"column":5}},"18":{"start":{"line":33,"column":6},"end":{"line":33,"column":24}},"19":{"start":{"line":34,"column":11},"end":{"line":38,"column":5}},"20":{"start":{"line":35,"column":6},"end":{"line":35,"column":25}},"21":{"start":{"line":36,"column":11},"end":{"line":38,"column":5}},"22":{"start":{"line":37,"column":6},"end":{"line":37,"column":30}},"23":{"start":{"line":41,"column":25},"end":{"line":52,"column":3}},"24":{"start":{"line":42,"column":4},"end":{"line":51,"column":5}},"25":{"start":{"line":43,"column":6},"end":{"line":43,"column":29}},"26":{"start":{"line":44,"column":23},"end":{"line":44,"column":51}},"27":{"start":{"line":45,"column":20},"end":{"line":45,"column":33}},"28":{"start":{"line":46,"column":6},"end":{"line":46,"column":21}},"29":{"start":{"line":48,"column":6},"end":{"line":48,"column":27}},"30":{"start":{"line":50,"column":6},"end":{"line":50,"column":30}},"31":{"start":{"line":54,"column":27},"end":{"line":61,"column":3}},"32":{"start":{"line":55,"column":4},"end":{"line":60,"column":5}},"33":{"start":{"line":56,"column":6},"end":{"line":56,"column":46}},"34":{"start":{"line":57,"column":6},"end":{"line":57,"column":28}},"35":{"start":{"line":59,"column":6},"end":{"line":59,"column":27}},"36":{"start":{"line":63,"column":27},"end":{"line":73,"column":3}},"37":{"start":{"line":64,"column":4},"end":{"line":72,"column":5}},"38":{"start":{"line":65,"column":23},"end":{"line":65,"column":71}},"39":{"start":{"line":66,"column":19},"end":{"line":66,"column":32}},"40":{"start":{"line":67,"column":20},"end":{"line":67,"column":57}},"41":{"start":{"line":68,"column":6},"end":{"line":68,"column":21}},"42":{"start":{"line":70,"column":6},"end":{"line":70,"column":27}},"43":{"start":{"line":71,"column":6},"end":{"line":71,"column":18}},"44":{"start":{"line":75,"column":25},"end":{"line":85,"column":3}},"45":{"start":{"line":76,"column":4},"end":{"line":84,"column":5}},"46":{"start":{"line":77,"column":6},"end":{"line":77,"column":29}},"47":{"start":{"line":78,"column":23},"end":{"line":78,"column":51}},"48":{"start":{"line":79,"column":6},"end":{"line":79,"column":29}},"49":{"start":{"line":81,"column":6},"end":{"line":81,"column":27}},"50":{"start":{"line":83,"column":6},"end":{"line":83,"column":30}},"51":{"start":{"line":87,"column":27},"end":{"line":94,"column":3}},"52":{"start":{"line":88,"column":4},"end":{"line":93,"column":5}},"53":{"start":{"line":89,"column":6},"end":{"line":89,"column":42}},"54":{"start":{"line":90,"column":6},"end":{"line":90,"column":28}},"55":{"start":{"line":92,"column":6},"end":{"line":92,"column":27}},"56":{"start":{"line":96,"column":24},"end":{"line":108,"column":3}},"57":{"start":{"line":97,"column":4},"end":{"line":107,"column":5}},"58":{"start":{"line":98,"column":19},"end":{"line":98,"column":69}},"59":{"start":{"line":99,"column":6},"end":{"line":101,"column":7}},"60":{"start":{"line":100,"column":8},"end":{"line":100,"column":14}},"61":{"start":{"line":102,"column":6},"end":{"line":102,"column":39}},"62":{"start":{"line":103,"column":6},"end":{"line":103,"column":21}},"63":{"start":{"line":104,"column":6},"end":{"line":104,"column":28}},"64":{"start":{"line":106,"column":6},"end":{"line":106,"column":27}},"65":{"start":{"line":110,"column":27},"end":{"line":119,"column":3}},"66":{"start":{"line":111,"column":4},"end":{"line":118,"column":5}},"67":{"start":{"line":112,"column":23},"end":{"line":112,"column":67}},"68":{"start":{"line":113,"column":20},"end":{"line":113,"column":33}},"69":{"start":{"line":114,"column":6},"end":{"line":114,"column":21}},"70":{"start":{"line":116,"column":6},"end":{"line":116,"column":27}},"71":{"start":{"line":117,"column":6},"end":{"line":117,"column":18}},"72":{"start":{"line":121,"column":24},"end":{"line":124,"column":3}},"73":{"start":{"line":122,"column":4},"end":{"line":122,"column":19}},"74":{"start":{"line":123,"column":4},"end":{"line":123,"column":20}},"75":{"start":{"line":126,"column":2},"end":{"line":128,"column":3}},"76":{"start":{"line":127,"column":4},"end":{"line":127,"column":30}},"77":{"start":{"line":130,"column":2},"end":{"line":149,"column":3}}},"fnMap":{"0":{"name":"AdminPage","decl":{"start":{"line":9,"column":9},"end":{"line":9,"column":18}},"loc":{"start":{"line":9,"column":21},"end":{"line":150,"column":1}},"line":9},"1":{"name":"(anonymous_1)","decl":{"start":{"line":24,"column":12},"end":{"line":24,"column":13}},"loc":{"start":{"line":24,"column":18},"end":{"line":27,"column":3}},"line":24},"2":{"name":"(anonymous_2)","decl":{"start":{"line":29,"column":28},"end":{"line":29,"column":29}},"loc":{"start":{"line":29,"column":52},"end":{"line":39,"column":3}},"line":29},"3":{"name":"(anonymous_3)","decl":{"start":{"line":41,"column":25},"end":{"line":41,"column":26}},"loc":{"start":{"line":41,"column":37},"end":{"line":52,"column":3}},"line":41},"4":{"name":"(anonymous_4)","decl":{"start":{"line":54,"column":27},"end":{"line":54,"column":28}},"loc":{"start":{"line":54,"column":47},"end":{"line":61,"column":3}},"line":54},"5":{"name":"(anonymous_5)","decl":{"start":{"line":63,"column":27},"end":{"line":63,"column":28}},"loc":{"start":{"line":63,"column":39},"end":{"line":73,"column":3}},"line":63},"6":{"name":"(anonymous_6)","decl":{"start":{"line":75,"column":25},"end":{"line":75,"column":26}},"loc":{"start":{"line":75,"column":37},"end":{"line":85,"column":3}},"line":75},"7":{"name":"(anonymous_7)","decl":{"start":{"line":87,"column":27},"end":{"line":87,"column":28}},"loc":{"start":{"line":87,"column":43},"end":{"line":94,"column":3}},"line":87},"8":{"name":"(anonymous_8)","decl":{"start":{"line":96,"column":24},"end":{"line":96,"column":25}},"loc":{"start":{"line":96,"column":36},"end":{"line":108,"column":3}},"line":96},"9":{"name":"(anonymous_9)","decl":{"start":{"line":110,"column":27},"end":{"line":110,"column":28}},"loc":{"start":{"line":110,"column":39},"end":{"line":119,"column":3}},"line":110},"10":{"name":"(anonymous_10)","decl":{"start":{"line":121,"column":24},"end":{"line":121,"column":25}},"loc":{"start":{"line":121,"column":30},"end":{"line":124,"column":3}},"line":121}},"branchMap":{"0":{"loc":{"start":{"line":30,"column":4},"end":{"line":38,"column":5}},"type":"if","locations":[{"start":{"line":30,"column":4},"end":{"line":38,"column":5}},{"start":{"line":32,"column":11},"end":{"line":38,"column":5}}],"line":30},"1":{"loc":{"start":{"line":32,"column":11},"end":{"line":38,"column":5}},"type":"if","locations":[{"start":{"line":32,"column":11},"end":{"line":38,"column":5}},{"start":{"line":34,"column":11},"end":{"line":38,"column":5}}],"line":32},"2":{"loc":{"start":{"line":34,"column":11},"end":{"line":38,"column":5}},"type":"if","locations":[{"start":{"line":34,"column":11},"end":{"line":38,"column":5}},{"start":{"line":36,"column":11},"end":{"line":38,"column":5}}],"line":34},"3":{"loc":{"start":{"line":36,"column":11},"end":{"line":38,"column":5}},"type":"if","locations":[{"start":{"line":36,"column":11},"end":{"line":38,"column":5}},{"start":{},"end":{}}],"line":36},"4":{"loc":{"start":{"line":67,"column":20},"end":{"line":67,"column":57}},"type":"cond-expr","locations":[{"start":{"line":67,"column":44},"end":{"line":67,"column":48}},{"start":{"line":67,"column":51},"end":{"line":67,"column":57}}],"line":67},"5":{"loc":{"start":{"line":99,"column":6},"end":{"line":101,"column":7}},"type":"if","locations":[{"start":{"line":99,"column":6},"end":{"line":101,"column":7}},{"start":{},"end":{}}],"line":99},"6":{"loc":{"start":{"line":99,"column":12},"end":{"line":99,"column":35}},"type":"binary-expr","locations":[{"start":{"line":99,"column":12},"end":{"line":99,"column":21}},{"start":{"line":99,"column":25},"end":{"line":99,"column":35}}],"line":99},"7":{"loc":{"start":{"line":126,"column":2},"end":{"line":128,"column":3}},"type":"if","locations":[{"start":{"line":126,"column":2},"end":{"line":128,"column":3}},{"start":{},"end":{}}],"line":126}},"s":{"0":0,"1":0,"2":0,"3":0,"4":0,"5":0,"6":0,"7":0,"8":0,"9":0,"10":0,"11":0,"12":0,"13":0,"14":0,"15":0,"16":0,"17":0,"18":0,"19":0,"20":0,"21":0,"22":0,"23":0,"24":0,"25":0,"26":0,"27":0,"28":0,"29":0,"30":0,"31":0,"32":0,"33":0,"34":0,"35":0,"36":0,"37":0,"38":0,"39":0,"40":0,"41":0,"42":0,"43":0,"44":0,"45":0,"46":0,"47":0,"48":0,"49":0,"50":0,"51":0,"52":0,"53":0,"54":0,"55":0,"56":0,"57":0,"58":0,"59":0,"60":0,"61":0,"62":0,"63":0,"64":0,"65":0,"66":0,"67":0,"68":0,"69":0,"70":0,"71":0,"72":0,"73":0,"74":0,"75":0,"76":0,"77":0},"f":{"0":0,"1":0,"2":0,"3":0,"4":0,"5":0,"6":0,"7":0,"8":0,"9":0,"10":0},"b":{"0":[0,0],"1":[0,0],"2":[0,0],"3":[0,0],"4":[0,0],"5":[0,0],"6":[0,0],"7":[0,0]}}
,"/Users/rafaelfaisca/Documents/LABDSOF/netquest-frontend/src/components/admin/AdminTab.js": {"path":"/Users/rafaelfaisca/Documents/LABDSOF/netquest-frontend/src/components/admin/AdminTab.js","statementMap":{"0":{"start":{"line":6,"column":32},"end":{"line":6,"column":37}},"1":{"start":{"line":7,"column":92},"end":{"line":7,"column":97}},"2":{"start":{"line":9,"column":16},"end":{"line":24,"column":3}},"3":{"start":{"line":13,"column":8},"end":{"line":21,"column":19}},"4":{"start":{"line":26,"column":2},"end":{"line":28,"column":3}}},"fnMap":{"0":{"name":"AdminTab","decl":{"start":{"line":5,"column":9},"end":{"line":5,"column":17}},"loc":{"start":{"line":5,"column":25},"end":{"line":29,"column":1}},"line":5},"1":{"name":"(anonymous_1)","decl":{"start":{"line":12,"column":14},"end":{"line":12,"column":15}},"loc":{"start":{"line":13,"column":8},"end":{"line":21,"column":19}},"line":13}},"branchMap":{},"s":{"0":0,"1":0,"2":0,"3":0,"4":0},"f":{"0":0,"1":0},"b":{}}
,"/Users/rafaelfaisca/Documents/LABDSOF/netquest-frontend/src/components/admin/UserTable.js": {"path":"/Users/rafaelfaisca/Documents/LABDSOF/netquest-frontend/src/components/admin/UserTable.js","statementMap":{"0":{"start":{"line":6,"column":2},"end":{"line":34,"column":3}},"1":{"start":{"line":7,"column":4},"end":{"line":11,"column":5}},"2":{"start":{"line":13,"column":4},"end":{"line":33,"column":6}},"3":{"start":{"line":14,"column":6},"end":{"line":32,"column":7}},"4":{"start":{"line":23,"column":29},"end":{"line":23,"column":60}},"5":{"start":{"line":36,"column":2},"end":{"line":63,"column":3}}},"fnMap":{"0":{"name":"UserTable","decl":{"start":{"line":4,"column":9},"end":{"line":4,"column":18}},"loc":{"start":{"line":4,"column":105},"end":{"line":64,"column":1}},"line":4},"1":{"name":"(anonymous_1)","decl":{"start":{"line":13,"column":25},"end":{"line":13,"column":26}},"loc":{"start":{"line":13,"column":33},"end":{"line":33,"column":5}},"line":13},"2":{"name":"(anonymous_2)","decl":{"start":{"line":23,"column":23},"end":{"line":23,"column":24}},"loc":{"start":{"line":23,"column":29},"end":{"line":23,"column":60}},"line":23}},"branchMap":{"0":{"loc":{"start":{"line":6,"column":2},"end":{"line":34,"column":3}},"type":"if","locations":[{"start":{"line":6,"column":2},"end":{"line":34,"column":3}},{"start":{"line":12,"column":9},"end":{"line":34,"column":3}}],"line":6}},"s":{"0":0,"1":0,"2":0,"3":0,"4":0,"5":0},"f":{"0":0,"1":0,"2":0},"b":{"0":[0,0]}}
,"/Users/rafaelfaisca/Documents/LABDSOF/netquest-frontend/src/components/context/AuthContext.js": {"path":"/Users/rafaelfaisca/Documents/LABDSOF/netquest-frontend/src/components/context/AuthContext.js","statementMap":{"0":{"start":{"line":3,"column":20},"end":{"line":3,"column":35}},"1":{"start":{"line":6,"column":26},"end":{"line":6,"column":40}},"2":{"start":{"line":8,"column":2},"end":{"line":11,"column":8}},"3":{"start":{"line":9,"column":23},"end":{"line":9,"column":63}},"4":{"start":{"line":10,"column":4},"end":{"line":10,"column":23}},"5":{"start":{"line":13,"column":18},"end":{"line":15,"column":3}},"6":{"start":{"line":14,"column":4},"end":{"line":14,"column":51}},"7":{"start":{"line":17,"column":30},"end":{"line":19,"column":3}},"8":{"start":{"line":18,"column":4},"end":{"line":18,"column":48}},"9":{"start":{"line":21,"column":20},"end":{"line":24,"column":3}},"10":{"start":{"line":22,"column":4},"end":{"line":22,"column":54}},"11":{"start":{"line":23,"column":4},"end":{"line":23,"column":17}},"12":{"start":{"line":26,"column":21},"end":{"line":29,"column":3}},"13":{"start":{"line":27,"column":4},"end":{"line":27,"column":35}},"14":{"start":{"line":28,"column":4},"end":{"line":28,"column":17}},"15":{"start":{"line":31,"column":23},"end":{"line":37,"column":3}},"16":{"start":{"line":39,"column":2},"end":{"line":43,"column":3}},"17":{"start":{"line":49,"column":2},"end":{"line":49,"column":32}}},"fnMap":{"0":{"name":"AuthProvider","decl":{"start":{"line":5,"column":9},"end":{"line":5,"column":21}},"loc":{"start":{"line":5,"column":36},"end":{"line":44,"column":1}},"line":5},"1":{"name":"(anonymous_1)","decl":{"start":{"line":8,"column":12},"end":{"line":8,"column":13}},"loc":{"start":{"line":8,"column":18},"end":{"line":11,"column":3}},"line":8},"2":{"name":"(anonymous_2)","decl":{"start":{"line":13,"column":18},"end":{"line":13,"column":19}},"loc":{"start":{"line":13,"column":24},"end":{"line":15,"column":3}},"line":13},"3":{"name":"(anonymous_3)","decl":{"start":{"line":17,"column":30},"end":{"line":17,"column":31}},"loc":{"start":{"line":17,"column":36},"end":{"line":19,"column":3}},"line":17},"4":{"name":"(anonymous_4)","decl":{"start":{"line":21,"column":20},"end":{"line":21,"column":21}},"loc":{"start":{"line":21,"column":28},"end":{"line":24,"column":3}},"line":21},"5":{"name":"(anonymous_5)","decl":{"start":{"line":26,"column":21},"end":{"line":26,"column":22}},"loc":{"start":{"line":26,"column":27},"end":{"line":29,"column":3}},"line":26},"6":{"name":"useAuth","decl":{"start":{"line":48,"column":16},"end":{"line":48,"column":23}},"loc":{"start":{"line":48,"column":26},"end":{"line":50,"column":1}},"line":48}},"branchMap":{},"s":{"0":0,"1":0,"2":0,"3":0,"4":0,"5":0,"6":0,"7":0,"8":0,"9":0,"10":0,"11":0,"12":0,"13":0,"14":0,"15":0,"16":0,"17":0},"f":{"0":0,"1":0,"2":0,"3":0,"4":0,"5":0,"6":0},"b":{}}
,"/Users/rafaelfaisca/Documents/LABDSOF/netquest-frontend/src/components/delete/DeleteAccount.js": {"path":"/Users/rafaelfaisca/Documents/LABDSOF/netquest-frontend/src/components/delete/DeleteAccount.js","statementMap":{"0":{"start":{"line":7,"column":19},"end":{"line":7,"column":32}},"1":{"start":{"line":8,"column":34},"end":{"line":8,"column":43}},"2":{"start":{"line":9,"column":15},"end":{"line":9,"column":24}},"3":{"start":{"line":11,"column":2},"end":{"line":11,"column":37}},"4":{"start":{"line":13,"column":30},"end":{"line":22,"column":3}},"5":{"start":{"line":14,"column":4},"end":{"line":21,"column":5}},"6":{"start":{"line":15,"column":6},"end":{"line":15,"column":41}},"7":{"start":{"line":16,"column":6},"end":{"line":16,"column":19}},"8":{"start":{"line":17,"column":6},"end":{"line":17,"column":20}},"9":{"start":{"line":19,"column":6},"end":{"line":19,"column":56}},"10":{"start":{"line":24,"column":2},"end":{"line":30,"column":4}}},"fnMap":{"0":{"name":"DeleteAccount","decl":{"start":{"line":6,"column":9},"end":{"line":6,"column":22}},"loc":{"start":{"line":6,"column":25},"end":{"line":31,"column":1}},"line":6},"1":{"name":"(anonymous_1)","decl":{"start":{"line":13,"column":30},"end":{"line":13,"column":31}},"loc":{"start":{"line":13,"column":42},"end":{"line":22,"column":3}},"line":13}},"branchMap":{},"s":{"0":0,"1":0,"2":0,"3":0,"4":0,"5":0,"6":0,"7":0,"8":0,"9":0,"10":0},"f":{"0":0,"1":0},"b":{}}
,"/Users/rafaelfaisca/Documents/LABDSOF/netquest-frontend/src/components/home/Home.js": {"path":"/Users/rafaelfaisca/Documents/LABDSOF/netquest-frontend/src/components/home/Home.js","statementMap":{"0":{"start":{"line":7,"column":44},"end":{"line":7,"column":55}},"1":{"start":{"line":8,"column":36},"end":{"line":8,"column":51}},"2":{"start":{"line":10,"column":2},"end":{"line":25,"column":8}},"3":{"start":{"line":11,"column":22},"end":{"line":22,"column":5}},"4":{"start":{"line":12,"column":6},"end":{"line":12,"column":24}},"5":{"start":{"line":13,"column":6},"end":{"line":21,"column":7}},"6":{"start":{"line":14,"column":30},"end":{"line":14,"column":59}},"7":{"start":{"line":15,"column":8},"end":{"line":15,"column":44}},"8":{"start":{"line":18,"column":8},"end":{"line":18,"column":29}},"9":{"start":{"line":20,"column":8},"end":{"line":20,"column":27}},"10":{"start":{"line":24,"column":4},"end":{"line":24,"column":15}},"11":{"start":{"line":27,"column":2},"end":{"line":35,"column":3}},"12":{"start":{"line":28,"column":4},"end":{"line":34,"column":5}},"13":{"start":{"line":37,"column":2},"end":{"line":62,"column":3}}},"fnMap":{"0":{"name":"Home","decl":{"start":{"line":6,"column":9},"end":{"line":6,"column":13}},"loc":{"start":{"line":6,"column":16},"end":{"line":63,"column":1}},"line":6},"1":{"name":"(anonymous_1)","decl":{"start":{"line":10,"column":12},"end":{"line":10,"column":13}},"loc":{"start":{"line":10,"column":18},"end":{"line":25,"column":3}},"line":10},"2":{"name":"(anonymous_2)","decl":{"start":{"line":11,"column":22},"end":{"line":11,"column":23}},"loc":{"start":{"line":11,"column":34},"end":{"line":22,"column":5}},"line":11}},"branchMap":{"0":{"loc":{"start":{"line":27,"column":2},"end":{"line":35,"column":3}},"type":"if","locations":[{"start":{"line":27,"column":2},"end":{"line":35,"column":3}},{"start":{},"end":{}}],"line":27}},"s":{"0":0,"1":0,"2":0,"3":0,"4":0,"5":0,"6":0,"7":0,"8":0,"9":0,"10":0,"11":0,"12":0,"13":0},"f":{"0":0,"1":0,"2":0},"b":{"0":[0,0]}}
,"/Users/rafaelfaisca/Documents/LABDSOF/netquest-frontend/src/components/home/Login.js": {"path":"/Users/rafaelfaisca/Documents/LABDSOF/netquest-frontend/src/components/home/Login.js","statementMap":{"0":{"start":{"line":9,"column":15},"end":{"line":9,"column":24}},"1":{"start":{"line":10,"column":21},"end":{"line":10,"column":47}},"2":{"start":{"line":12,"column":34},"end":{"line":12,"column":46}},"3":{"start":{"line":13,"column":34},"end":{"line":13,"column":46}},"4":{"start":{"line":14,"column":32},"end":{"line":14,"column":47}},"5":{"start":{"line":16,"column":28},"end":{"line":22,"column":3}},"6":{"start":{"line":17,"column":4},"end":{"line":21,"column":5}},"7":{"start":{"line":18,"column":6},"end":{"line":18,"column":24}},"8":{"start":{"line":19,"column":11},"end":{"line":21,"column":5}},"9":{"start":{"line":20,"column":6},"end":{"line":20,"column":24}},"10":{"start":{"line":24,"column":23},"end":{"line":47,"column":3}},"11":{"start":{"line":25,"column":4},"end":{"line":25,"column":22}},"12":{"start":{"line":27,"column":4},"end":{"line":30,"column":5}},"13":{"start":{"line":28,"column":6},"end":{"line":28,"column":22}},"14":{"start":{"line":29,"column":6},"end":{"line":29,"column":12}},"15":{"start":{"line":32,"column":4},"end":{"line":46,"column":5}},"16":{"start":{"line":33,"column":23},"end":{"line":33,"column":69}},"17":{"start":{"line":34,"column":33},"end":{"line":34,"column":46}},"18":{"start":{"line":35,"column":23},"end":{"line":35,"column":61}},"19":{"start":{"line":36,"column":32},"end":{"line":36,"column":60}},"20":{"start":{"line":38,"column":6},"end":{"line":38,"column":39}},"21":{"start":{"line":40,"column":6},"end":{"line":40,"column":21}},"22":{"start":{"line":41,"column":6},"end":{"line":41,"column":21}},"23":{"start":{"line":42,"column":6},"end":{"line":42,"column":23}},"24":{"start":{"line":44,"column":6},"end":{"line":44,"column":27}},"25":{"start":{"line":45,"column":6},"end":{"line":45,"column":22}},"26":{"start":{"line":49,"column":2},"end":{"line":51,"column":3}},"27":{"start":{"line":50,"column":4},"end":{"line":50,"column":32}},"28":{"start":{"line":53,"column":2},"end":{"line":87,"column":3}}},"fnMap":{"0":{"name":"Login","decl":{"start":{"line":8,"column":9},"end":{"line":8,"column":14}},"loc":{"start":{"line":8,"column":17},"end":{"line":88,"column":1}},"line":8},"1":{"name":"(anonymous_1)","decl":{"start":{"line":16,"column":28},"end":{"line":16,"column":29}},"loc":{"start":{"line":16,"column":52},"end":{"line":22,"column":3}},"line":16},"2":{"name":"(anonymous_2)","decl":{"start":{"line":24,"column":23},"end":{"line":24,"column":24}},"loc":{"start":{"line":24,"column":36},"end":{"line":47,"column":3}},"line":24}},"branchMap":{"0":{"loc":{"start":{"line":17,"column":4},"end":{"line":21,"column":5}},"type":"if","locations":[{"start":{"line":17,"column":4},"end":{"line":21,"column":5}},{"start":{"line":19,"column":11},"end":{"line":21,"column":5}}],"line":17},"1":{"loc":{"start":{"line":19,"column":11},"end":{"line":21,"column":5}},"type":"if","locations":[{"start":{"line":19,"column":11},"end":{"line":21,"column":5}},{"start":{},"end":{}}],"line":19},"2":{"loc":{"start":{"line":27,"column":4},"end":{"line":30,"column":5}},"type":"if","locations":[{"start":{"line":27,"column":4},"end":{"line":30,"column":5}},{"start":{},"end":{}}],"line":27},"3":{"loc":{"start":{"line":27,"column":10},"end":{"line":27,"column":30}},"type":"binary-expr","locations":[{"start":{"line":27,"column":10},"end":{"line":27,"column":18}},{"start":{"line":27,"column":22},"end":{"line":27,"column":30}}],"line":27},"4":{"loc":{"start":{"line":49,"column":2},"end":{"line":51,"column":3}},"type":"if","locations":[{"start":{"line":49,"column":2},"end":{"line":51,"column":3}},{"start":{},"end":{}}],"line":49},"5":{"loc":{"start":{"line":84,"column":9},"end":{"line":84,"column":96}},"type":"binary-expr","locations":[{"start":{"line":84,"column":9},"end":{"line":84,"column":16}},{"start":{"line":84,"column":20},"end":{"line":84,"column":96}}],"line":84}},"s":{"0":0,"1":0,"2":0,"3":0,"4":0,"5":0,"6":0,"7":0,"8":0,"9":0,"10":0,"11":0,"12":0,"13":0,"14":0,"15":0,"16":0,"17":0,"18":0,"19":0,"20":0,"21":0,"22":0,"23":0,"24":0,"25":0,"26":0,"27":0,"28":0},"f":{"0":0,"1":0,"2":0},"b":{"0":[0,0],"1":[0,0],"2":[0,0],"3":[0,0],"4":[0,0],"5":[0,0]}}
,"/Users/rafaelfaisca/Documents/LABDSOF/netquest-frontend/src/components/home/Signup.js": {"path":"/Users/rafaelfaisca/Documents/LABDSOF/netquest-frontend/src/components/home/Signup.js","statementMap":{"0":{"start":{"line":9,"column":15},"end":{"line":9,"column":24}},"1":{"start":{"line":10,"column":21},"end":{"line":10,"column":47}},"2":{"start":{"line":12,"column":34},"end":{"line":12,"column":46}},"3":{"start":{"line":13,"column":34},"end":{"line":13,"column":46}},"4":{"start":{"line":14,"column":26},"end":{"line":14,"column":38}},"5":{"start":{"line":15,"column":28},"end":{"line":15,"column":40}},"6":{"start":{"line":16,"column":32},"end":{"line":16,"column":47}},"7":{"start":{"line":17,"column":42},"end":{"line":17,"column":54}},"8":{"start":{"line":18,"column":40},"end":{"line":18,"column":55}},"9":{"start":{"line":19,"column":48},"end":{"line":19,"column":63}},"10":{"start":{"line":21,"column":28},"end":{"line":31,"column":3}},"11":{"start":{"line":22,"column":4},"end":{"line":30,"column":5}},"12":{"start":{"line":23,"column":6},"end":{"line":23,"column":24}},"13":{"start":{"line":24,"column":11},"end":{"line":30,"column":5}},"14":{"start":{"line":25,"column":6},"end":{"line":25,"column":24}},"15":{"start":{"line":26,"column":11},"end":{"line":30,"column":5}},"16":{"start":{"line":27,"column":6},"end":{"line":27,"column":20}},"17":{"start":{"line":28,"column":11},"end":{"line":30,"column":5}},"18":{"start":{"line":29,"column":6},"end":{"line":29,"column":21}},"19":{"start":{"line":33,"column":34},"end":{"line":35,"column":3}},"20":{"start":{"line":34,"column":4},"end":{"line":34,"column":27}},"21":{"start":{"line":37,"column":23},"end":{"line":82,"column":3}},"22":{"start":{"line":38,"column":4},"end":{"line":38,"column":22}},"23":{"start":{"line":40,"column":4},"end":{"line":44,"column":5}},"24":{"start":{"line":41,"column":6},"end":{"line":41,"column":22}},"25":{"start":{"line":42,"column":6},"end":{"line":42,"column":51}},"26":{"start":{"line":43,"column":6},"end":{"line":43,"column":12}},"27":{"start":{"line":46,"column":4},"end":{"line":50,"column":5}},"28":{"start":{"line":47,"column":6},"end":{"line":47,"column":22}},"29":{"start":{"line":48,"column":6},"end":{"line":48,"column":88}},"30":{"start":{"line":49,"column":6},"end":{"line":49,"column":12}},"31":{"start":{"line":52,"column":17},"end":{"line":52,"column":52}},"32":{"start":{"line":54,"column":4},"end":{"line":81,"column":5}},"33":{"start":{"line":55,"column":23},"end":{"line":55,"column":49}},"34":{"start":{"line":56,"column":33},"end":{"line":56,"column":46}},"35":{"start":{"line":57,"column":23},"end":{"line":57,"column":61}},"36":{"start":{"line":58,"column":32},"end":{"line":58,"column":60}},"37":{"start":{"line":60,"column":6},"end":{"line":60,"column":39}},"38":{"start":{"line":62,"column":6},"end":{"line":62,"column":21}},"39":{"start":{"line":63,"column":6},"end":{"line":63,"column":21}},"40":{"start":{"line":64,"column":6},"end":{"line":64,"column":17}},"41":{"start":{"line":65,"column":6},"end":{"line":65,"column":18}},"42":{"start":{"line":66,"column":6},"end":{"line":66,"column":23}},"43":{"start":{"line":67,"column":6},"end":{"line":67,"column":25}},"44":{"start":{"line":69,"column":6},"end":{"line":69,"column":27}},"45":{"start":{"line":70,"column":6},"end":{"line":80,"column":7}},"46":{"start":{"line":71,"column":26},"end":{"line":71,"column":45}},"47":{"start":{"line":72,"column":27},"end":{"line":72,"column":43}},"48":{"start":{"line":73,"column":8},"end":{"line":77,"column":9}},"49":{"start":{"line":74,"column":10},"end":{"line":74,"column":42}},"50":{"start":{"line":75,"column":15},"end":{"line":77,"column":9}},"51":{"start":{"line":76,"column":10},"end":{"line":76,"column":59}},"52":{"start":{"line":78,"column":8},"end":{"line":78,"column":24}},"53":{"start":{"line":79,"column":8},"end":{"line":79,"column":37}},"54":{"start":{"line":84,"column":2},"end":{"line":86,"column":3}},"55":{"start":{"line":85,"column":4},"end":{"line":85,"column":30}},"56":{"start":{"line":88,"column":2},"end":{"line":162,"column":3}},"57":{"start":{"line":132,"column":78},"end":{"line":132,"column":102}},"58":{"start":{"line":146,"column":51},"end":{"line":146,"column":76}},"59":{"start":{"line":158,"column":33},"end":{"line":158,"column":58}}},"fnMap":{"0":{"name":"Signup","decl":{"start":{"line":8,"column":9},"end":{"line":8,"column":15}},"loc":{"start":{"line":8,"column":18},"end":{"line":163,"column":1}},"line":8},"1":{"name":"(anonymous_1)","decl":{"start":{"line":21,"column":28},"end":{"line":21,"column":29}},"loc":{"start":{"line":21,"column":52},"end":{"line":31,"column":3}},"line":21},"2":{"name":"(anonymous_2)","decl":{"start":{"line":33,"column":34},"end":{"line":33,"column":35}},"loc":{"start":{"line":33,"column":54},"end":{"line":35,"column":3}},"line":33},"3":{"name":"(anonymous_3)","decl":{"start":{"line":37,"column":23},"end":{"line":37,"column":24}},"loc":{"start":{"line":37,"column":36},"end":{"line":82,"column":3}},"line":37},"4":{"name":"(anonymous_4)","decl":{"start":{"line":132,"column":72},"end":{"line":132,"column":73}},"loc":{"start":{"line":132,"column":78},"end":{"line":132,"column":102}},"line":132},"5":{"name":"(anonymous_5)","decl":{"start":{"line":146,"column":45},"end":{"line":146,"column":46}},"loc":{"start":{"line":146,"column":51},"end":{"line":146,"column":76}},"line":146},"6":{"name":"(anonymous_6)","decl":{"start":{"line":158,"column":27},"end":{"line":158,"column":28}},"loc":{"start":{"line":158,"column":33},"end":{"line":158,"column":58}},"line":158}},"branchMap":{"0":{"loc":{"start":{"line":22,"column":4},"end":{"line":30,"column":5}},"type":"if","locations":[{"start":{"line":22,"column":4},"end":{"line":30,"column":5}},{"start":{"line":24,"column":11},"end":{"line":30,"column":5}}],"line":22},"1":{"loc":{"start":{"line":24,"column":11},"end":{"line":30,"column":5}},"type":"if","locations":[{"start":{"line":24,"column":11},"end":{"line":30,"column":5}},{"start":{"line":26,"column":11},"end":{"line":30,"column":5}}],"line":24},"2":{"loc":{"start":{"line":26,"column":11},"end":{"line":30,"column":5}},"type":"if","locations":[{"start":{"line":26,"column":11},"end":{"line":30,"column":5}},{"start":{"line":28,"column":11},"end":{"line":30,"column":5}}],"line":26},"3":{"loc":{"start":{"line":28,"column":11},"end":{"line":30,"column":5}},"type":"if","locations":[{"start":{"line":28,"column":11},"end":{"line":30,"column":5}},{"start":{},"end":{}}],"line":28},"4":{"loc":{"start":{"line":40,"column":4},"end":{"line":44,"column":5}},"type":"if","locations":[{"start":{"line":40,"column":4},"end":{"line":44,"column":5}},{"start":{},"end":{}}],"line":40},"5":{"loc":{"start":{"line":40,"column":10},"end":{"line":40,"column":47}},"type":"binary-expr","locations":[{"start":{"line":40,"column":10},"end":{"line":40,"column":18}},{"start":{"line":40,"column":22},"end":{"line":40,"column":30}},{"start":{"line":40,"column":34},"end":{"line":40,"column":38}},{"start":{"line":40,"column":42},"end":{"line":40,"column":47}}],"line":40},"6":{"loc":{"start":{"line":46,"column":4},"end":{"line":50,"column":5}},"type":"if","locations":[{"start":{"line":46,"column":4},"end":{"line":50,"column":5}},{"start":{},"end":{}}],"line":46},"7":{"loc":{"start":{"line":70,"column":6},"end":{"line":80,"column":7}},"type":"if","locations":[{"start":{"line":70,"column":6},"end":{"line":80,"column":7}},{"start":{},"end":{}}],"line":70},"8":{"loc":{"start":{"line":70,"column":10},"end":{"line":70,"column":47}},"type":"binary-expr","locations":[{"start":{"line":70,"column":10},"end":{"line":70,"column":24}},{"start":{"line":70,"column":28},"end":{"line":70,"column":47}}],"line":70},"9":{"loc":{"start":{"line":73,"column":8},"end":{"line":77,"column":9}},"type":"if","locations":[{"start":{"line":73,"column":8},"end":{"line":77,"column":9}},{"start":{"line":75,"column":15},"end":{"line":77,"column":9}}],"line":73},"10":{"loc":{"start":{"line":75,"column":15},"end":{"line":77,"column":9}},"type":"if","locations":[{"start":{"line":75,"column":15},"end":{"line":77,"column":9}},{"start":{},"end":{}}],"line":75},"11":{"loc":{"start":{"line":84,"column":2},"end":{"line":86,"column":3}},"type":"if","locations":[{"start":{"line":84,"column":2},"end":{"line":86,"column":3}},{"start":{},"end":{}}],"line":84},"12":{"loc":{"start":{"line":142,"column":9},"end":{"line":142,"column":62}},"type":"binary-expr","locations":[{"start":{"line":142,"column":9},"end":{"line":142,"column":16}},{"start":{"line":142,"column":20},"end":{"line":142,"column":62}}],"line":142}},"s":{"0":0,"1":0,"2":0,"3":0,"4":0,"5":0,"6":0,"7":0,"8":0,"9":0,"10":0,"11":0,"12":0,"13":0,"14":0,"15":0,"16":0,"17":0,"18":0,"19":0,"20":0,"21":0,"22":0,"23":0,"24":0,"25":0,"26":0,"27":0,"28":0,"29":0,"30":0,"31":0,"32":0,"33":0,"34":0,"35":0,"36":0,"37":0,"38":0,"39":0,"40":0,"41":0,"42":0,"43":0,"44":0,"45":0,"46":0,"47":0,"48":0,"49":0,"50":0,"51":0,"52":0,"53":0,"54":0,"55":0,"56":0,"57":0,"58":0,"59":0},"f":{"0":0,"1":0,"2":0,"3":0,"4":0,"5":0,"6":0},"b":{"0":[0,0],"1":[0,0],"2":[0,0],"3":[0,0],"4":[0,0],"5":[0,0,0,0],"6":[0,0],"7":[0,0],"8":[0,0],"9":[0,0],"10":[0,0],"11":[0,0],"12":[0,0]}}
,"/Users/rafaelfaisca/Documents/LABDSOF/netquest-frontend/src/components/misc/BookApi.js": {"path":"/Users/rafaelfaisca/Documents/LABDSOF/netquest-frontend/src/components/misc/BookApi.js","statementMap":{"0":{"start":{"line":4,"column":23},"end":{"line":14,"column":1}},"1":{"start":{"line":17,"column":2},"end":{"line":19,"column":4}},"2":{"start":{"line":23,"column":2},"end":{"line":25,"column":4}},"3":{"start":{"line":29,"column":2},"end":{"line":29,"column":46}},"4":{"start":{"line":33,"column":2},"end":{"line":33,"column":46}},"5":{"start":{"line":37,"column":14},"end":{"line":37,"column":64}},"6":{"start":{"line":38,"column":2},"end":{"line":40,"column":4}},"7":{"start":{"line":44,"column":2},"end":{"line":46,"column":4}},"8":{"start":{"line":50,"column":2},"end":{"line":52,"column":4}},"9":{"start":{"line":56,"column":14},"end":{"line":56,"column":61}},"10":{"start":{"line":57,"column":2},"end":{"line":59,"column":4}},"11":{"start":{"line":63,"column":2},"end":{"line":65,"column":4}},"12":{"start":{"line":69,"column":2},"end":{"line":74,"column":4}},"13":{"start":{"line":79,"column":17},"end":{"line":81,"column":2}},"14":{"start":{"line":86,"column":2},"end":{"line":86,"column":33}}},"fnMap":{"0":{"name":"authenticate","decl":{"start":{"line":16,"column":9},"end":{"line":16,"column":21}},"loc":{"start":{"line":16,"column":42},"end":{"line":20,"column":1}},"line":16},"1":{"name":"signup","decl":{"start":{"line":22,"column":9},"end":{"line":22,"column":15}},"loc":{"start":{"line":22,"column":22},"end":{"line":26,"column":1}},"line":22},"2":{"name":"numberOfUsers","decl":{"start":{"line":28,"column":9},"end":{"line":28,"column":22}},"loc":{"start":{"line":28,"column":25},"end":{"line":30,"column":1}},"line":28},"3":{"name":"numberOfBooks","decl":{"start":{"line":32,"column":9},"end":{"line":32,"column":22}},"loc":{"start":{"line":32,"column":25},"end":{"line":34,"column":1}},"line":32},"4":{"name":"getUsers","decl":{"start":{"line":36,"column":9},"end":{"line":36,"column":17}},"loc":{"start":{"line":36,"column":34},"end":{"line":41,"column":1}},"line":36},"5":{"name":"deleteUser","decl":{"start":{"line":43,"column":16},"end":{"line":43,"column":26}},"loc":{"start":{"line":43,"column":43},"end":{"line":47,"column":1}},"line":43},"6":{"name":"deleteUserById","decl":{"start":{"line":49,"column":16},"end":{"line":49,"column":30}},"loc":{"start":{"line":49,"column":37},"end":{"line":53,"column":1}},"line":49},"7":{"name":"getBooks","decl":{"start":{"line":55,"column":9},"end":{"line":55,"column":17}},"loc":{"start":{"line":55,"column":30},"end":{"line":60,"column":1}},"line":55},"8":{"name":"deleteBook","decl":{"start":{"line":62,"column":9},"end":{"line":62,"column":19}},"loc":{"start":{"line":62,"column":32},"end":{"line":66,"column":1}},"line":62},"9":{"name":"addBook","decl":{"start":{"line":68,"column":9},"end":{"line":68,"column":16}},"loc":{"start":{"line":68,"column":29},"end":{"line":75,"column":1}},"line":68},"10":{"name":"basicAuth","decl":{"start":{"line":85,"column":9},"end":{"line":85,"column":18}},"loc":{"start":{"line":85,"column":25},"end":{"line":87,"column":1}},"line":85}},"branchMap":{"0":{"loc":{"start":{"line":37,"column":14},"end":{"line":37,"column":64}},"type":"cond-expr","locations":[{"start":{"line":37,"column":25},"end":{"line":37,"column":49}},{"start":{"line":37,"column":52},"end":{"line":37,"column":64}}],"line":37},"1":{"loc":{"start":{"line":56,"column":14},"end":{"line":56,"column":61}},"type":"cond-expr","locations":[{"start":{"line":56,"column":21},"end":{"line":56,"column":46}},{"start":{"line":56,"column":49},"end":{"line":56,"column":61}}],"line":56}},"s":{"0":0,"1":0,"2":0,"3":0,"4":0,"5":0,"6":0,"7":0,"8":0,"9":0,"10":0,"11":0,"12":0,"13":0,"14":0},"f":{"0":0,"1":0,"2":0,"3":0,"4":0,"5":0,"6":0,"7":0,"8":0,"9":0,"10":0},"b":{"0":[0,0],"1":[0,0]}}
,"/Users/rafaelfaisca/Documents/LABDSOF/netquest-frontend/src/components/misc/Helpers.js": {"path":"/Users/rafaelfaisca/Documents/LABDSOF/netquest-frontend/src/components/misc/Helpers.js","statementMap":{"0":{"start":{"line":1,"column":30},"end":{"line":9,"column":1}},"1":{"start":{"line":2,"column":2},"end":{"line":8,"column":3}},"2":{"start":{"line":3,"column":4},"end":{"line":3,"column":36}},"3":{"start":{"line":4,"column":9},"end":{"line":8,"column":3}},"4":{"start":{"line":5,"column":4},"end":{"line":5,"column":30}},"5":{"start":{"line":7,"column":4},"end":{"line":7,"column":30}}},"fnMap":{"0":{"name":"(anonymous_0)","decl":{"start":{"line":1,"column":30},"end":{"line":1,"column":31}},"loc":{"start":{"line":1,"column":41},"end":{"line":9,"column":1}},"line":1}},"branchMap":{"0":{"loc":{"start":{"line":2,"column":2},"end":{"line":8,"column":3}},"type":"if","locations":[{"start":{"line":2,"column":2},"end":{"line":8,"column":3}},{"start":{"line":4,"column":9},"end":{"line":8,"column":3}}],"line":2},"1":{"loc":{"start":{"line":4,"column":9},"end":{"line":8,"column":3}},"type":"if","locations":[{"start":{"line":4,"column":9},"end":{"line":8,"column":3}},{"start":{"line":6,"column":9},"end":{"line":8,"column":3}}],"line":4}},"s":{"0":0,"1":0,"2":0,"3":0,"4":0,"5":0},"f":{"0":0},"b":{"0":[0,0],"1":[0,0]}}
,"/Users/rafaelfaisca/Documents/LABDSOF/netquest-frontend/src/components/misc/Navbar.js": {"path":"/Users/rafaelfaisca/Documents/LABDSOF/netquest-frontend/src/components/misc/Navbar.js","statementMap":{"0":{"start":{"line":7,"column":55},"end":{"line":7,"column":64}},"1":{"start":{"line":8,"column":19},"end":{"line":8,"column":32}},"2":{"start":{"line":10,"column":17},"end":{"line":12,"column":3}},"3":{"start":{"line":11,"column":4},"end":{"line":11,"column":17}},"4":{"start":{"line":14,"column":30},"end":{"line":16,"column":3}},"5":{"start":{"line":15,"column":4},"end":{"line":15,"column":32}},"6":{"start":{"line":18,"column":25},"end":{"line":20,"column":3}},"7":{"start":{"line":19,"column":4},"end":{"line":19,"column":78}},"8":{"start":{"line":22,"column":26},"end":{"line":24,"column":3}},"9":{"start":{"line":23,"column":4},"end":{"line":23,"column":78}},"10":{"start":{"line":26,"column":25},"end":{"line":29,"column":3}},"11":{"start":{"line":27,"column":17},"end":{"line":27,"column":26}},"12":{"start":{"line":28,"column":4},"end":{"line":28,"column":86}},"13":{"start":{"line":31,"column":24},"end":{"line":34,"column":3}},"14":{"start":{"line":32,"column":17},"end":{"line":32,"column":26}},"15":{"start":{"line":33,"column":4},"end":{"line":33,"column":85}},"16":{"start":{"line":36,"column":22},"end":{"line":39,"column":3}},"17":{"start":{"line":37,"column":17},"end":{"line":37,"column":26}},"18":{"start":{"line":38,"column":4},"end":{"line":38,"column":33}},"19":{"start":{"line":41,"column":2},"end":{"line":62,"column":4}}},"fnMap":{"0":{"name":"Navbar","decl":{"start":{"line":6,"column":9},"end":{"line":6,"column":15}},"loc":{"start":{"line":6,"column":18},"end":{"line":63,"column":1}},"line":6},"1":{"name":"(anonymous_1)","decl":{"start":{"line":10,"column":17},"end":{"line":10,"column":18}},"loc":{"start":{"line":10,"column":23},"end":{"line":12,"column":3}},"line":10},"2":{"name":"(anonymous_2)","decl":{"start":{"line":14,"column":30},"end":{"line":14,"column":31}},"loc":{"start":{"line":14,"column":36},"end":{"line":16,"column":3}},"line":14},"3":{"name":"(anonymous_3)","decl":{"start":{"line":18,"column":25},"end":{"line":18,"column":26}},"loc":{"start":{"line":18,"column":31},"end":{"line":20,"column":3}},"line":18},"4":{"name":"(anonymous_4)","decl":{"start":{"line":22,"column":26},"end":{"line":22,"column":27}},"loc":{"start":{"line":22,"column":32},"end":{"line":24,"column":3}},"line":22},"5":{"name":"(anonymous_5)","decl":{"start":{"line":26,"column":25},"end":{"line":26,"column":26}},"loc":{"start":{"line":26,"column":31},"end":{"line":29,"column":3}},"line":26},"6":{"name":"(anonymous_6)","decl":{"start":{"line":31,"column":24},"end":{"line":31,"column":25}},"loc":{"start":{"line":31,"column":30},"end":{"line":34,"column":3}},"line":31},"7":{"name":"(anonymous_7)","decl":{"start":{"line":36,"column":22},"end":{"line":36,"column":23}},"loc":{"start":{"line":36,"column":28},"end":{"line":39,"column":3}},"line":36}},"branchMap":{"0":{"loc":{"start":{"line":19,"column":11},"end":{"line":19,"column":77}},"type":"cond-expr","locations":[{"start":{"line":19,"column":35},"end":{"line":19,"column":54}},{"start":{"line":19,"column":57},"end":{"line":19,"column":77}}],"line":19},"1":{"loc":{"start":{"line":23,"column":11},"end":{"line":23,"column":77}},"type":"cond-expr","locations":[{"start":{"line":23,"column":35},"end":{"line":23,"column":55}},{"start":{"line":23,"column":58},"end":{"line":23,"column":77}}],"line":23},"2":{"loc":{"start":{"line":28,"column":11},"end":{"line":28,"column":85}},"type":"cond-expr","locations":[{"start":{"line":28,"column":43},"end":{"line":28,"column":63}},{"start":{"line":28,"column":66},"end":{"line":28,"column":85}}],"line":28},"3":{"loc":{"start":{"line":28,"column":11},"end":{"line":28,"column":40}},"type":"binary-expr","locations":[{"start":{"line":28,"column":11},"end":{"line":28,"column":15}},{"start":{"line":28,"column":19},"end":{"line":28,"column":40}}],"line":28},"4":{"loc":{"start":{"line":33,"column":11},"end":{"line":33,"column":84}},"type":"cond-expr","locations":[{"start":{"line":33,"column":42},"end":{"line":33,"column":62}},{"start":{"line":33,"column":65},"end":{"line":33,"column":84}}],"line":33},"5":{"loc":{"start":{"line":33,"column":11},"end":{"line":33,"column":39}},"type":"binary-expr","locations":[{"start":{"line":33,"column":11},"end":{"line":33,"column":15}},{"start":{"line":33,"column":19},"end":{"line":33,"column":39}}],"line":33},"6":{"loc":{"start":{"line":38,"column":11},"end":{"line":38,"column":32}},"type":"cond-expr","locations":[{"start":{"line":38,"column":18},"end":{"line":38,"column":27}},{"start":{"line":38,"column":30},"end":{"line":38,"column":32}}],"line":38},"7":{"loc":{"start":{"line":51,"column":11},"end":{"line":57,"column":11}},"type":"binary-expr","locations":[{"start":{"line":51,"column":11},"end":{"line":51,"column":32}},{"start":{"line":52,"column":12},"end":{"line":56,"column":23}}],"line":51}},"s":{"0":0,"1":0,"2":0,"3":0,"4":0,"5":0,"6":0,"7":0,"8":0,"9":0,"10":0,"11":0,"12":0,"13":0,"14":0,"15":0,"16":0,"17":0,"18":0,"19":0},"f":{"0":0,"1":0,"2":0,"3":0,"4":0,"5":0,"6":0,"7":0},"b":{"0":[0,0],"1":[0,0],"2":[0,0],"3":[0,0],"4":[0,0],"5":[0,0],"6":[0,0],"7":[0,0]}}
,"/Users/rafaelfaisca/Documents/LABDSOF/netquest-frontend/src/components/misc/PrivateRoute.js": {"path":"/Users/rafaelfaisca/Documents/LABDSOF/netquest-frontend/src/components/misc/PrivateRoute.js","statementMap":{"0":{"start":{"line":6,"column":34},"end":{"line":6,"column":43}},"1":{"start":{"line":7,"column":2},"end":{"line":7,"column":68}}},"fnMap":{"0":{"name":"PrivateRoute","decl":{"start":{"line":5,"column":9},"end":{"line":5,"column":21}},"loc":{"start":{"line":5,"column":36},"end":{"line":8,"column":1}},"line":5}},"branchMap":{"0":{"loc":{"start":{"line":7,"column":9},"end":{"line":7,"column":68}},"type":"cond-expr","locations":[{"start":{"line":7,"column":33},"end":{"line":7,"column":41}},{"start":{"line":7,"column":44},"end":{"line":7,"column":68}}],"line":7}},"s":{"0":0,"1":0},"f":{"0":0},"b":{"0":[0,0]}}
,"/Users/rafaelfaisca/Documents/LABDSOF/netquest-frontend/src/components/wifiMapPage/AddSpotModal.js": {"path":"/Users/rafaelfaisca/Documents/LABDSOF/netquest-frontend/src/components/wifiMapPage/AddSpotModal.js","statementMap":{"0":{"start":{"line":5,"column":28},"end":{"line":7,"column":3}},"1":{"start":{"line":6,"column":4},"end":{"line":6,"column":59}},"2":{"start":{"line":6,"column":30},"end":{"line":6,"column":56}},"3":{"start":{"line":9,"column":2},"end":{"line":37,"column":4}}},"fnMap":{"0":{"name":"AddSpotModal","decl":{"start":{"line":4,"column":9},"end":{"line":4,"column":21}},"loc":{"start":{"line":4,"column":78},"end":{"line":38,"column":1}},"line":4},"1":{"name":"(anonymous_1)","decl":{"start":{"line":5,"column":28},"end":{"line":5,"column":29}},"loc":{"start":{"line":5,"column":52},"end":{"line":7,"column":3}},"line":5},"2":{"name":"(anonymous_2)","decl":{"start":{"line":6,"column":19},"end":{"line":6,"column":20}},"loc":{"start":{"line":6,"column":30},"end":{"line":6,"column":56}},"line":6}},"branchMap":{},"s":{"0":3,"1":0,"2":0,"3":3},"f":{"0":3,"1":0,"2":0},"b":{},"_coverageSchema":"1a1c01bbd47fc00a2c39e90264f33305004495a9","hash":"90f635720b1232f3bb1205873b97554b6da251cb"}
,"/Users/rafaelfaisca/Documents/LABDSOF/netquest-frontend/src/components/wifiMapPage/SpotDetailsModal.js": {"path":"/Users/rafaelfaisca/Documents/LABDSOF/netquest-frontend/src/components/wifiMapPage/SpotDetailsModal.js","statementMap":{"0":{"start":{"line":5,"column":2},"end":{"line":5,"column":25}},"1":{"start":{"line":5,"column":13},"end":{"line":5,"column":25}},"2":{"start":{"line":7,"column":25},"end":{"line":27,"column":3}},"3":{"start":{"line":8,"column":31},"end":{"line":8,"column":59}},"4":{"start":{"line":9,"column":43},"end":{"line":9,"column":59}},"5":{"start":{"line":10,"column":4},"end":{"line":13,"column":5}},"6":{"start":{"line":11,"column":6},"end":{"line":11,"column":47}},"7":{"start":{"line":12,"column":6},"end":{"line":12,"column":13}},"8":{"start":{"line":15,"column":26},"end":{"line":15,"column":148}},"9":{"start":{"line":16,"column":20},"end":{"line":16,"column":91}},"10":{"start":{"line":19,"column":21},"end":{"line":19,"column":62}},"11":{"start":{"line":21,"column":4},"end":{"line":26,"column":5}},"12":{"start":{"line":22,"column":23},"end":{"line":22,"column":90}},"13":{"start":{"line":23,"column":6},"end":{"line":23,"column":22}},"14":{"start":{"line":25,"column":6},"end":{"line":25,"column":43}},"15":{"start":{"line":29,"column":2},"end":{"line":29,"column":28}},"16":{"start":{"line":31,"column":2},"end":{"line":44,"column":4}}},"fnMap":{"0":{"name":"SpotDetailsModal","decl":{"start":{"line":4,"column":9},"end":{"line":4,"column":25}},"loc":{"start":{"line":4,"column":59},"end":{"line":45,"column":1}},"line":4},"1":{"name":"(anonymous_1)","decl":{"start":{"line":7,"column":25},"end":{"line":7,"column":26}},"loc":{"start":{"line":7,"column":31},"end":{"line":27,"column":3}},"line":7}},"branchMap":{"0":{"loc":{"start":{"line":5,"column":2},"end":{"line":5,"column":25}},"type":"if","locations":[{"start":{"line":5,"column":2},"end":{"line":5,"column":25}},{"start":{},"end":{}}],"line":5},"1":{"loc":{"start":{"line":8,"column":31},"end":{"line":8,"column":59}},"type":"binary-expr","locations":[{"start":{"line":8,"column":31},"end":{"line":8,"column":43}},{"start":{"line":8,"column":47},"end":{"line":8,"column":59}}],"line":8},"2":{"loc":{"start":{"line":10,"column":4},"end":{"line":13,"column":5}},"type":"if","locations":[{"start":{"line":10,"column":4},"end":{"line":13,"column":5}},{"start":{},"end":{}}],"line":10},"3":{"loc":{"start":{"line":10,"column":8},"end":{"line":10,"column":44}},"type":"binary-expr","locations":[{"start":{"line":10,"column":8},"end":{"line":10,"column":24}},{"start":{"line":10,"column":28},"end":{"line":10,"column":44}}],"line":10},"4":{"loc":{"start":{"line":21,"column":4},"end":{"line":26,"column":5}},"type":"if","locations":[{"start":{"line":21,"column":4},"end":{"line":26,"column":5}},{"start":{"line":24,"column":11},"end":{"line":26,"column":5}}],"line":21}},"s":{"0":5,"1":1,"2":4,"3":2,"4":2,"5":2,"6":1,"7":1,"8":1,"9":1,"10":1,"11":1,"12":0,"13":0,"14":1,"15":4,"16":4},"f":{"0":5,"1":2},"b":{"0":[1,4],"1":[2,0],"2":[1,1],"3":[2,1],"4":[0,1]},"_coverageSchema":"1a1c01bbd47fc00a2c39e90264f33305004495a9","hash":"a837c37dfb8c8deadfd1db92b5c6c377590707da"}
,"/Users/rafaelfaisca/Documents/LABDSOF/netquest-frontend/src/components/wifiMapPage/WifiMapPage.js": {"path":"/Users/rafaelfaisca/Documents/LABDSOF/netquest-frontend/src/components/wifiMapPage/WifiMapPage.js","statementMap":{"0":{"start":{"line":11,"column":17},"end":{"line":16,"column":2}},"1":{"start":{"line":18,"column":21},"end":{"line":23,"column":2}},"2":{"start":{"line":26,"column":2},"end":{"line":30,"column":5}},"3":{"start":{"line":28,"column":6},"end":{"line":28,"column":27}},"4":{"start":{"line":31,"column":2},"end":{"line":31,"column":14}},"5":{"start":{"line":36,"column":15},"end":{"line":36,"column":24}},"6":{"start":{"line":37,"column":15},"end":{"line":37,"column":29}},"7":{"start":{"line":38,"column":17},"end":{"line":38,"column":37}},"8":{"start":{"line":40,"column":42},"end":{"line":40,"column":56}},"9":{"start":{"line":42,"column":28},"end":{"line":42,"column":40}},"10":{"start":{"line":43,"column":36},"end":{"line":43,"column":51}},"11":{"start":{"line":44,"column":46},"end":{"line":44,"column":97}},"12":{"start":{"line":45,"column":42},"end":{"line":45,"column":56}},"13":{"start":{"line":47,"column":2},"end":{"line":55,"column":9}},"14":{"start":{"line":48,"column":4},"end":{"line":54,"column":6}},"15":{"start":{"line":50,"column":8},"end":{"line":50,"column":79}},"16":{"start":{"line":52,"column":17},"end":{"line":52,"column":37}},"17":{"start":{"line":57,"column":25},"end":{"line":60,"column":3}},"18":{"start":{"line":58,"column":4},"end":{"line":58,"column":59}},"19":{"start":{"line":59,"column":4},"end":{"line":59,"column":23}},"20":{"start":{"line":62,"column":18},"end":{"line":67,"column":3}},"21":{"start":{"line":63,"column":4},"end":{"line":65,"column":5}},"22":{"start":{"line":64,"column":6},"end":{"line":64,"column":43}},"23":{"start":{"line":66,"column":4},"end":{"line":66,"column":24}},"24":{"start":{"line":69,"column":24},"end":{"line":71,"column":3}},"25":{"start":{"line":70,"column":4},"end":{"line":70,"column":26}},"26":{"start":{"line":73,"column":25},"end":{"line":75,"column":3}},"27":{"start":{"line":74,"column":4},"end":{"line":74,"column":26}},"28":{"start":{"line":77,"column":2},"end":{"line":79,"column":3}},"29":{"start":{"line":78,"column":4},"end":{"line":78,"column":31}},"30":{"start":{"line":81,"column":2},"end":{"line":126,"column":4}},"31":{"start":{"line":98,"column":12},"end":{"line":109,"column":21}},"32":{"start":{"line":103,"column":29},"end":{"line":103,"column":48}},"33":{"start":{"line":117,"column":23},"end":{"line":117,"column":42}}},"fnMap":{"0":{"name":"MapClickHandler","decl":{"start":{"line":25,"column":9},"end":{"line":25,"column":24}},"loc":{"start":{"line":25,"column":41},"end":{"line":32,"column":1}},"line":25},"1":{"name":"(anonymous_1)","decl":{"start":{"line":27,"column":4},"end":{"line":27,"column":5}},"loc":{"start":{"line":27,"column":13},"end":{"line":29,"column":5}},"line":27},"2":{"name":"WifiMapPage","decl":{"start":{"line":35,"column":9},"end":{"line":35,"column":20}},"loc":{"start":{"line":35,"column":23},"end":{"line":127,"column":1}},"line":35},"3":{"name":"(anonymous_3)","decl":{"start":{"line":47,"column":12},"end":{"line":47,"column":13}},"loc":{"start":{"line":47,"column":18},"end":{"line":55,"column":3}},"line":47},"4":{"name":"(anonymous_4)","decl":{"start":{"line":49,"column":6},"end":{"line":49,"column":7}},"loc":{"start":{"line":49,"column":20},"end":{"line":51,"column":7}},"line":49},"5":{"name":"(anonymous_5)","decl":{"start":{"line":52,"column":6},"end":{"line":52,"column":7}},"loc":{"start":{"line":52,"column":17},"end":{"line":52,"column":37}},"line":52},"6":{"name":"(anonymous_6)","decl":{"start":{"line":57,"column":25},"end":{"line":57,"column":26}},"loc":{"start":{"line":57,"column":42},"end":{"line":60,"column":3}},"line":57},"7":{"name":"(anonymous_7)","decl":{"start":{"line":62,"column":18},"end":{"line":62,"column":19}},"loc":{"start":{"line":62,"column":24},"end":{"line":67,"column":3}},"line":62},"8":{"name":"(anonymous_8)","decl":{"start":{"line":69,"column":24},"end":{"line":69,"column":25}},"loc":{"start":{"line":69,"column":34},"end":{"line":71,"column":3}},"line":69},"9":{"name":"(anonymous_9)","decl":{"start":{"line":73,"column":25},"end":{"line":73,"column":26}},"loc":{"start":{"line":73,"column":31},"end":{"line":75,"column":3}},"line":73},"10":{"name":"(anonymous_10)","decl":{"start":{"line":97,"column":21},"end":{"line":97,"column":22}},"loc":{"start":{"line":98,"column":12},"end":{"line":109,"column":21}},"line":98},"11":{"name":"(anonymous_11)","decl":{"start":{"line":103,"column":23},"end":{"line":103,"column":24}},"loc":{"start":{"line":103,"column":29},"end":{"line":103,"column":48}},"line":103},"12":{"name":"(anonymous_12)","decl":{"start":{"line":117,"column":17},"end":{"line":117,"column":18}},"loc":{"start":{"line":117,"column":23},"end":{"line":117,"column":42}},"line":117}},"branchMap":{"0":{"loc":{"start":{"line":63,"column":4},"end":{"line":65,"column":5}},"type":"if","locations":[{"start":{"line":63,"column":4},"end":{"line":65,"column":5}},{"start":{},"end":{}}],"line":63},"1":{"loc":{"start":{"line":63,"column":8},"end":{"line":63,"column":57}},"type":"binary-expr","locations":[{"start":{"line":63,"column":8},"end":{"line":63,"column":34}},{"start":{"line":63,"column":38},"end":{"line":63,"column":57}}],"line":63},"2":{"loc":{"start":{"line":77,"column":2},"end":{"line":79,"column":3}},"type":"if","locations":[{"start":{"line":77,"column":2},"end":{"line":79,"column":3}},{"start":{},"end":{}}],"line":77},"3":{"loc":{"start":{"line":84,"column":7},"end":{"line":114,"column":7}},"type":"cond-expr","locations":[{"start":{"line":85,"column":8},"end":{"line":111,"column":23}},{"start":{"line":113,"column":8},"end":{"line":113,"column":86}}],"line":84},"4":{"loc":{"start":{"line":122,"column":7},"end":{"line":124,"column":7}},"type":"binary-expr","locations":[{"start":{"line":122,"column":7},"end":{"line":122,"column":19}},{"start":{"line":123,"column":8},"end":{"line":123,"column":118}}],"line":122}},"s":{"0":0,"1":0,"2":0,"3":0,"4":0,"5":0,"6":0,"7":0,"8":0,"9":0,"10":0,"11":0,"12":0,"13":0,"14":0,"15":0,"16":0,"17":0,"18":0,"19":0,"20":0,"21":0,"22":0,"23":0,"24":0,"25":0,"26":0,"27":0,"28":0,"29":0,"30":0,"31":0,"32":0,"33":0},"f":{"0":0,"1":0,"2":0,"3":0,"4":0,"5":0,"6":0,"7":0,"8":0,"9":0,"10":0,"11":0,"12":0},"b":{"0":[0,0],"1":[0,0],"2":[0,0],"3":[0,0],"4":[0,0]}}
}
