TN:
SF:src/App.js
FN:13,App
FNF:1
FNH:0
FNDA:0,App
DA:14,0
LF:1
LH:0
BRF:0
BRH:0
end_of_record
TN:
SF:src/Constants.js
FNF:0
FNH:0
DA:1,0
DA:6,0
DA:11,0
DA:17,0
LF:4
LH:0
BRDA:17,0,0,0
BRDA:17,0,1,0
BRDA:19,1,0,0
BRDA:19,1,1,0
BRF:4
BRH:0
end_of_record
TN:
SF:src/index.js
FNF:0
FNH:0
DA:7,0
DA:8,0
DA:17,0
LF:3
LH:0
BRF:0
BRH:0
end_of_record
TN:
SF:src/reportWebVitals.js
FN:1,(anonymous_0)
FN:3,(anonymous_1)
FNF:2
FNH:0
FNDA:0,(anonymous_0)
FNDA:0,(anonymous_1)
DA:1,0
DA:2,0
DA:3,0
DA:4,0
DA:5,0
DA:6,0
DA:7,0
DA:8,0
LF:8
LH:0
BRDA:2,0,0,0
BRDA:2,0,1,0
BRDA:2,1,0,0
BRDA:2,1,1,0
BRF:4
BRH:0
end_of_record
TN:
SF:src/components/admin/AdminPage.js
FN:9,AdminPage
FN:24,(anonymous_1)
FN:29,(anonymous_2)
FN:41,(anonymous_3)
FN:54,(anonymous_4)
FN:63,(anonymous_5)
FN:75,(anonymous_6)
FN:87,(anonymous_7)
FN:96,(anonymous_8)
FN:110,(anonymous_9)
FN:121,(anonymous_10)
FNF:11
FNH:0
FNDA:0,AdminPage
FNDA:0,(anonymous_1)
FNDA:0,(anonymous_2)
FNDA:0,(anonymous_3)
FNDA:0,(anonymous_4)
FNDA:0,(anonymous_5)
FNDA:0,(anonymous_6)
FNDA:0,(anonymous_7)
FNDA:0,(anonymous_8)
FNDA:0,(anonymous_9)
FNDA:0,(anonymous_10)
DA:10,0
DA:11,0
DA:12,0
DA:14,0
DA:15,0
DA:16,0
DA:18,0
DA:19,0
DA:20,0
DA:21,0
DA:22,0
DA:24,0
DA:25,0
DA:26,0
DA:29,0
DA:30,0
DA:31,0
DA:32,0
DA:33,0
DA:34,0
DA:35,0
DA:36,0
DA:37,0
DA:41,0
DA:42,0
DA:43,0
DA:44,0
DA:45,0
DA:46,0
DA:48,0
DA:50,0
DA:54,0
DA:55,0
DA:56,0
DA:57,0
DA:59,0
DA:63,0
DA:64,0
DA:65,0
DA:66,0
DA:67,0
DA:68,0
DA:70,0
DA:71,0
DA:75,0
DA:76,0
DA:77,0
DA:78,0
DA:79,0
DA:81,0
DA:83,0
DA:87,0
DA:88,0
DA:89,0
DA:90,0
DA:92,0
DA:96,0
DA:97,0
DA:98,0
DA:99,0
DA:100,0
DA:102,0
DA:103,0
DA:104,0
DA:106,0
DA:110,0
DA:111,0
DA:112,0
DA:113,0
DA:114,0
DA:116,0
DA:117,0
DA:121,0
DA:122,0
DA:123,0
DA:126,0
DA:127,0
DA:130,0
LF:78
LH:0
BRDA:30,0,0,0
BRDA:30,0,1,0
BRDA:32,1,0,0
BRDA:32,1,1,0
BRDA:34,2,0,0
BRDA:34,2,1,0
BRDA:36,3,0,0
BRDA:36,3,1,0
BRDA:67,4,0,0
BRDA:67,4,1,0
BRDA:99,5,0,0
BRDA:99,5,1,0
BRDA:99,6,0,0
BRDA:99,6,1,0
BRDA:126,7,0,0
BRDA:126,7,1,0
BRF:16
BRH:0
end_of_record
TN:
SF:src/components/admin/AdminTab.js
FN:5,AdminTab
FN:12,(anonymous_1)
FNF:2
FNH:0
FNDA:0,AdminTab
FNDA:0,(anonymous_1)
DA:6,0
DA:7,0
DA:9,0
DA:13,0
DA:26,0
LF:5
LH:0
BRF:0
BRH:0
end_of_record
TN:
SF:src/components/admin/UserTable.js
FN:4,UserTable
FN:13,(anonymous_1)
FN:23,(anonymous_2)
FNF:3
FNH:0
FNDA:0,UserTable
FNDA:0,(anonymous_1)
FNDA:0,(anonymous_2)
DA:6,0
DA:7,0
DA:13,0
DA:14,0
DA:23,0
DA:36,0
LF:6
LH:0
BRDA:6,0,0,0
BRDA:6,0,1,0
BRF:2
BRH:0
end_of_record
TN:
SF:src/components/context/AuthContext.js
FN:5,AuthProvider
FN:8,(anonymous_1)
FN:13,(anonymous_2)
FN:17,(anonymous_3)
FN:21,(anonymous_4)
FN:26,(anonymous_5)
FN:48,useAuth
FNF:7
FNH:0
FNDA:0,AuthProvider
FNDA:0,(anonymous_1)
FNDA:0,(anonymous_2)
FNDA:0,(anonymous_3)
FNDA:0,(anonymous_4)
FNDA:0,(anonymous_5)
FNDA:0,useAuth
DA:3,0
DA:6,0
DA:8,0
DA:9,0
DA:10,0
DA:13,0
DA:14,0
DA:17,0
DA:18,0
DA:21,0
DA:22,0
DA:23,0
DA:26,0
DA:27,0
DA:28,0
DA:31,0
DA:39,0
DA:49,0
LF:18
LH:0
BRF:0
BRH:0
end_of_record
TN:
SF:src/components/delete/DeleteAccount.js
FN:6,DeleteAccount
FN:13,(anonymous_1)
FNF:2
FNH:0
FNDA:0,DeleteAccount
FNDA:0,(anonymous_1)
DA:7,0
DA:8,0
DA:9,0
DA:11,0
DA:13,0
DA:14,0
DA:15,0
DA:16,0
DA:17,0
DA:19,0
DA:24,0
LF:11
LH:0
BRF:0
BRH:0
end_of_record
TN:
SF:src/components/home/Home.js
FN:6,Home
FN:10,(anonymous_1)
FN:11,(anonymous_2)
FNF:3
FNH:0
FNDA:0,Home
FNDA:0,(anonymous_1)
FNDA:0,(anonymous_2)
DA:7,0
DA:8,0
DA:10,0
DA:11,0
DA:12,0
DA:13,0
DA:14,0
DA:15,0
DA:18,0
DA:20,0
DA:24,0
DA:27,0
DA:28,0
DA:37,0
LF:14
LH:0
BRDA:27,0,0,0
BRDA:27,0,1,0
BRF:2
BRH:0
end_of_record
TN:
SF:src/components/home/Login.js
FN:8,Login
FN:16,(anonymous_1)
FN:24,(anonymous_2)
FNF:3
FNH:0
FNDA:0,Login
FNDA:0,(anonymous_1)
FNDA:0,(anonymous_2)
DA:9,0
DA:10,0
DA:12,0
DA:13,0
DA:14,0
DA:16,0
DA:17,0
DA:18,0
DA:19,0
DA:20,0
DA:24,0
DA:25,0
DA:27,0
DA:28,0
DA:29,0
DA:32,0
DA:33,0
DA:34,0
DA:35,0
DA:36,0
DA:38,0
DA:40,0
DA:41,0
DA:42,0
DA:44,0
DA:45,0
DA:49,0
DA:50,0
DA:53,0
LF:29
LH:0
BRDA:17,0,0,0
BRDA:17,0,1,0
BRDA:19,1,0,0
BRDA:19,1,1,0
BRDA:27,2,0,0
BRDA:27,2,1,0
BRDA:27,3,0,0
BRDA:27,3,1,0
BRDA:49,4,0,0
BRDA:49,4,1,0
BRDA:84,5,0,0
BRDA:84,5,1,0
BRF:12
BRH:0
end_of_record
TN:
SF:src/components/home/Signup.js
FN:8,Signup
FN:21,(anonymous_1)
FN:33,(anonymous_2)
FN:37,(anonymous_3)
FN:132,(anonymous_4)
FN:146,(anonymous_5)
FN:158,(anonymous_6)
FNF:7
FNH:0
FNDA:0,Signup
FNDA:0,(anonymous_1)
FNDA:0,(anonymous_2)
FNDA:0,(anonymous_3)
FNDA:0,(anonymous_4)
FNDA:0,(anonymous_5)
FNDA:0,(anonymous_6)
DA:9,0
DA:10,0
DA:12,0
DA:13,0
DA:14,0
DA:15,0
DA:16,0
DA:17,0
DA:18,0
DA:19,0
DA:21,0
DA:22,0
DA:23,0
DA:24,0
DA:25,0
DA:26,0
DA:27,0
DA:28,0
DA:29,0
DA:33,0
DA:34,0
DA:37,0
DA:38,0
DA:40,0
DA:41,0
DA:42,0
DA:43,0
DA:46,0
DA:47,0
DA:48,0
DA:49,0
DA:52,0
DA:54,0
DA:55,0
DA:56,0
DA:57,0
DA:58,0
DA:60,0
DA:62,0
DA:63,0
DA:64,0
DA:65,0
DA:66,0
DA:67,0
DA:69,0
DA:70,0
DA:71,0
DA:72,0
DA:73,0
DA:74,0
DA:75,0
DA:76,0
DA:78,0
DA:79,0
DA:84,0
DA:85,0
DA:88,0
DA:132,0
DA:146,0
DA:158,0
LF:60
LH:0
BRDA:22,0,0,0
BRDA:22,0,1,0
BRDA:24,1,0,0
BRDA:24,1,1,0
BRDA:26,2,0,0
BRDA:26,2,1,0
BRDA:28,3,0,0
BRDA:28,3,1,0
BRDA:40,4,0,0
BRDA:40,4,1,0
BRDA:40,5,0,0
BRDA:40,5,1,0
BRDA:40,5,2,0
BRDA:40,5,3,0
BRDA:46,6,0,0
BRDA:46,6,1,0
BRDA:70,7,0,0
BRDA:70,7,1,0
BRDA:70,8,0,0
BRDA:70,8,1,0
BRDA:73,9,0,0
BRDA:73,9,1,0
BRDA:75,10,0,0
BRDA:75,10,1,0
BRDA:84,11,0,0
BRDA:84,11,1,0
BRDA:142,12,0,0
BRDA:142,12,1,0
BRF:28
BRH:0
end_of_record
TN:
SF:src/components/misc/BookApi.js
FN:16,authenticate
FN:22,signup
FN:28,numberOfUsers
FN:32,numberOfBooks
FN:36,getUsers
FN:43,deleteUser
FN:49,deleteUserById
FN:55,getBooks
FN:62,deleteBook
FN:68,addBook
FN:85,basicAuth
FNF:11
FNH:0
FNDA:0,authenticate
FNDA:0,signup
FNDA:0,numberOfUsers
FNDA:0,numberOfBooks
FNDA:0,getUsers
FNDA:0,deleteUser
FNDA:0,deleteUserById
FNDA:0,getBooks
FNDA:0,deleteBook
FNDA:0,addBook
FNDA:0,basicAuth
DA:4,0
DA:17,0
DA:23,0
DA:29,0
DA:33,0
DA:37,0
DA:38,0
DA:44,0
DA:50,0
DA:56,0
DA:57,0
DA:63,0
DA:69,0
DA:79,0
DA:86,0
LF:15
LH:0
BRDA:37,0,0,0
BRDA:37,0,1,0
BRDA:56,1,0,0
BRDA:56,1,1,0
BRF:4
BRH:0
end_of_record
TN:
SF:src/components/misc/Helpers.js
FN:1,(anonymous_0)
FNF:1
FNH:0
FNDA:0,(anonymous_0)
DA:1,0
DA:2,0
DA:3,0
DA:4,0
DA:5,0
DA:7,0
LF:6
LH:0
BRDA:2,0,0,0
BRDA:2,0,1,0
BRDA:4,1,0,0
BRDA:4,1,1,0
BRF:4
BRH:0
end_of_record
TN:
SF:src/components/misc/Navbar.js
FN:6,Navbar
FN:10,(anonymous_1)
FN:14,(anonymous_2)
FN:18,(anonymous_3)
FN:22,(anonymous_4)
FN:26,(anonymous_5)
FN:31,(anonymous_6)
FN:36,(anonymous_7)
FNF:8
FNH:0
FNDA:0,Navbar
FNDA:0,(anonymous_1)
FNDA:0,(anonymous_2)
FNDA:0,(anonymous_3)
FNDA:0,(anonymous_4)
FNDA:0,(anonymous_5)
FNDA:0,(anonymous_6)
FNDA:0,(anonymous_7)
DA:7,0
DA:8,0
DA:10,0
DA:11,0
DA:14,0
DA:15,0
DA:18,0
DA:19,0
DA:22,0
DA:23,0
DA:26,0
DA:27,0
DA:28,0
DA:31,0
DA:32,0
DA:33,0
DA:36,0
DA:37,0
DA:38,0
DA:41,0
LF:20
LH:0
BRDA:19,0,0,0
BRDA:19,0,1,0
BRDA:23,1,0,0
BRDA:23,1,1,0
BRDA:28,2,0,0
BRDA:28,2,1,0
BRDA:28,3,0,0
BRDA:28,3,1,0
BRDA:33,4,0,0
BRDA:33,4,1,0
BRDA:33,5,0,0
BRDA:33,5,1,0
BRDA:38,6,0,0
BRDA:38,6,1,0
BRDA:51,7,0,0
BRDA:51,7,1,0
BRF:16
BRH:0
end_of_record
TN:
SF:src/components/misc/PrivateRoute.js
FN:5,PrivateRoute
FNF:1
FNH:0
FNDA:0,PrivateRoute
DA:6,0
DA:7,0
LF:2
LH:0
BRDA:7,0,0,0
BRDA:7,0,1,0
BRF:2
BRH:0
end_of_record
TN:
SF:src/components/wifiMapPage/AddSpotModal.js
FN:4,AddSpotModal
FN:5,(anonymous_1)
FN:6,(anonymous_2)
FNF:3
FNH:1
FNDA:3,AddSpotModal
FNDA:0,(anonymous_1)
FNDA:0,(anonymous_2)
DA:5,3
DA:6,0
DA:9,3
LF:3
LH:2
BRF:0
BRH:0
end_of_record
TN:
SF:src/components/wifiMapPage/SpotDetailsModal.js
FN:4,SpotDetailsModal
FN:7,(anonymous_1)
FNF:2
FNH:2
FNDA:5,SpotDetailsModal
FNDA:2,(anonymous_1)
DA:5,5
DA:7,4
DA:8,2
DA:9,2
DA:10,2
DA:11,1
DA:12,1
DA:15,1
DA:16,1
DA:19,1
DA:21,1
DA:22,0
DA:23,0
DA:25,1
DA:29,4
DA:31,4
LF:16
LH:14
BRDA:5,0,0,1
BRDA:5,0,1,4
BRDA:8,1,0,2
BRDA:8,1,1,0
BRDA:10,2,0,1
BRDA:10,2,1,1
BRDA:10,3,0,2
BRDA:10,3,1,1
BRDA:21,4,0,0
BRDA:21,4,1,1
BRF:10
BRH:8
end_of_record
TN:
SF:src/components/wifiMapPage/WifiMapPage.js
FN:25,MapClickHandler
FN:27,(anonymous_1)
FN:35,WifiMapPage
FN:47,(anonymous_3)
FN:49,(anonymous_4)
FN:52,(anonymous_5)
FN:57,(anonymous_6)
FN:62,(anonymous_7)
FN:69,(anonymous_8)
FN:73,(anonymous_9)
FN:97,(anonymous_10)
FN:103,(anonymous_11)
FN:117,(anonymous_12)
FNF:13
FNH:0
FNDA:0,MapClickHandler
FNDA:0,(anonymous_1)
FNDA:0,WifiMapPage
FNDA:0,(anonymous_3)
FNDA:0,(anonymous_4)
FNDA:0,(anonymous_5)
FNDA:0,(anonymous_6)
FNDA:0,(anonymous_7)
FNDA:0,(anonymous_8)
FNDA:0,(anonymous_9)
FNDA:0,(anonymous_10)
FNDA:0,(anonymous_11)
FNDA:0,(anonymous_12)
DA:11,0
DA:18,0
DA:26,0
DA:28,0
DA:31,0
DA:36,0
DA:37,0
DA:38,0
DA:40,0
DA:42,0
DA:43,0
DA:44,0
DA:45,0
DA:47,0
DA:48,0
DA:50,0
DA:52,0
DA:57,0
DA:58,0
DA:59,0
DA:62,0
DA:63,0
DA:64,0
DA:66,0
DA:69,0
DA:70,0
DA:73,0
DA:74,0
DA:77,0
DA:78,0
DA:81,0
DA:98,0
DA:103,0
DA:117,0
LF:34
LH:0
BRDA:63,0,0,0
BRDA:63,0,1,0
BRDA:63,1,0,0
BRDA:63,1,1,0
BRDA:77,2,0,0
BRDA:77,2,1,0
BRDA:84,3,0,0
BRDA:84,3,1,0
BRDA:122,4,0,0
BRDA:122,4,1,0
BRF:10
BRH:0
end_of_record
